<?xml version="1.0" encoding="UTF-8"?>
<testng-results total="1" passed="1" failed="0" skipped="0">
  <reporter-output>
  </reporter-output>
  <suite started-at="2021-04-03T08:09:00Z" name="TestDemo1.TestDemo" finished-at="2021-04-03T08:09:00Z" duration-ms="14">
    <groups>
    </groups>
    <test started-at="2021-04-03T08:09:00Z" name="Command line test" finished-at="2021-04-03T08:09:00Z" duration-ms="14">
      <class name="TestDemo1.TestDemo">
        <test-method signature="sum()[pri:0, instance:TestDemo1.TestDemo@2781e022]" started-at="2021-04-03T13:39:00Z" name="sum" finished-at="2021-04-03T13:39:00Z" duration-ms="6" status="PASS">
          <reporter-output>
          </reporter-output>
        </test-method> <!-- sum -->
      </class> <!-- TestDemo1.TestDemo -->
    </test> <!-- Command line test -->
  </suite> <!-- TestDemo1.TestDemo -->
</testng-results>
